30-09-2023_08:03:27 GET /api/books 
30-09-2023_10:53:33 GET /api/books 
30-09-2023_10:54:57 GET /api/books 
30-09-2023_11:04:40 GET /api/books/592321 
30-09-2023_11:05:48 GET /api/books/592321 
30-09-2023_11:06:30 GET /api/books/592321 
30-09-2023_11:14:42 POST /api/books 
30-09-2023_11:15:25 POST /api/books 
30-09-2023_11:16:50 POST /api/books 
30-09-2023_11:17:45 POST /api/books 
30-09-2023_11:27:07 PUT /api/books/xUKBGXgqqPA9Dns5lhbZl 
30-09-2023_11:29:28 PUT /api/books/xUKBGXgqqPA9Dns5lhbZl 
30-09-2023_11:32:27 DELETE /api/books/xUKBGXgqqPA9Dns5lhbZl 
30-09-2023_11:32:37 DELETE /api/books/xUKBGXgqqPA9Dns5lhbZl 
01-10-2023_05:03:46 GET /api/books 
01-10-2023_05:26:14 POST /api/books 
01-10-2023_05:26:30 POST /api/books 
01-10-2023_05:26:35 POST /api/books 
01-10-2023_05:27:52 POST /api/books 
01-10-2023_05:28:35 POST /api/books 
01-10-2023_05:50:05 GET /api/books 
01-10-2023_05:51:13 GET /api/books 
01-10-2023_06:09:11 POST /api/books 
01-10-2023_06:09:56 DELETE /api/books/o_aYAQhoKlbr_mm53RdpC 
01-10-2023_08:05:59 DELETE /api/books/o_aYAQhoKlbr_mm53RdpC 
01-10-2023_08:18:20 GET /api/books 
01-10-2023_08:41:23 GET /api/books 
01-10-2023_08:41:33 POST /api/books 
01-10-2023_08:42:37 POST /api/books 
01-10-2023_08:46:59 POST /api/books 
02-10-2023_03:15:07 GET /api/books 
02-10-2023_04:34:08 GET /api/books 
02-10-2023_04:35:40 GET /api/books 
02-10-2023_04:36:28 GET /api/books 
02-10-2023_04:37:47 GET /api/books 
02-10-2023_04:38:23 GET /api/books 
02-10-2023_04:39:25 GET /api/books 
02-10-2023_04:40:37 GET /api/books 
02-10-2023_04:40:49 GET /api/books 
02-10-2023_04:41:05 GET /api/books 
02-10-2023_04:42:27 GET /api/books 
02-10-2023_04:43:36 GET /api/books 
02-10-2023_04:43:55 GET /api/books 
02-10-2023_04:44:38 GET /api/books 
02-10-2023_04:46:58 GET /api/books 
02-10-2023_04:48:54 GET /api/books 
02-10-2023_04:49:27 GET /api/books 
02-10-2023_04:50:26 GET /api/books 
02-10-2023_04:50:40 GET /api/books 
02-10-2023_04:51:16 GET /api/books 
02-10-2023_04:51:57 GET /api/books 
02-10-2023_04:54:59 GET /api/books 
02-10-2023_04:56:32 GET /api/books 
02-10-2023_04:56:58 GET /api/books 
03-10-2023_06:39:46 GET /api/books 
03-10-2023_07:20:30 POST /api/books 
03-10-2023_07:22:37 POST /api/books 
03-10-2023_07:22:56 POST /api/books 
03-10-2023_07:26:00 POST /api/books 
03-10-2023_07:26:34 POST /api/books 
03-10-2023_07:27:02 POST /api/books 
03-10-2023_07:31:59 POST /api/books 
03-10-2023_07:32:32 POST /api/books 
03-10-2023_07:32:45 POST /api/books 
03-10-2023_07:34:28 POST /api/books 
03-10-2023_07:39:08 POST /api/books 
03-10-2023_08:15:31 POST /api/books 
03-10-2023_08:15:38 GET /api/books 
03-10-2023_08:15:52 GET /api/books/651acc52f41abf3c768adf7f 
03-10-2023_08:16:39 GET /api/books/651acc52f41abf3c768adf7f 
03-10-2023_08:17:00 GET /api/books/retgf 
03-10-2023_08:17:11 GET /api/books/651acc52f41abf3c768adf7 
03-10-2023_08:26:15 GET /api/books/651acc52f41abf3c768adf7c 
03-10-2023_08:27:41 GET /api/books 
03-10-2023_08:28:00 DELETE /api/books/651c4c335a5efd67f3d999f0 
03-10-2023_08:28:12 GET /api/books 
03-10-2023_08:28:37 DELETE /api/books/651c4c335a5efd67f3d999f0 
03-10-2023_08:28:47 DELETE /api/books/651c4c335a5efd67f3d999f0 
03-10-2023_08:28:50 DELETE /api/books/651c4c335a5efd67f3d999f0 
03-10-2023_08:28:52 DELETE /api/books/651c4c335a5efd67f3d999f0 
03-10-2023_08:28:56 DELETE /api/books/651c4c335a5efd67f3d999f0 
03-10-2023_08:29:16 GET /api/books 
03-10-2023_08:29:45 DELETE /api/books/651c4c335a5efd67f3d999f0 
03-10-2023_08:29:46 DELETE /api/books/651c4c335a5efd67f3d999f0 
03-10-2023_08:29:47 DELETE /api/books/651c4c335a5efd67f3d999f0 
03-10-2023_08:29:49 DELETE /api/books/651c4c335a5efd67f3d999f0 
03-10-2023_08:29:50 DELETE /api/books/651c4c335a5efd67f3d999f0 
03-10-2023_08:29:58 GET /api/books 
03-10-2023_08:30:59 DELETE /api/books/651c4c335a5efd67f3d999f0 
03-10-2023_08:31:01 DELETE /api/books/651c4c335a5efd67f3d999f0 
03-10-2023_08:31:43 DELETE /api/books/651c4c335a5efd67f3d999f 
03-10-2023_08:31:48 DELETE /api/books/651c4c335a5efd67f3d999f0 
03-10-2023_08:31:53 DELETE /api/books/651c4c335a5efd67f3d999f0 
03-10-2023_08:32:14 GET /api/books 
03-10-2023_08:34:18 DELETE /api/books/651c4c335a5efd67f3d999f0 
03-10-2023_08:35:00 DELETE /api/books/651c4c335a5efd67f3d999f0 
03-10-2023_08:36:06 GET /api/books 
03-10-2023_08:36:42 DELETE /api/books/651acc52f41abf3c768adf92 
03-10-2023_08:36:56 DELETE /api/books/651acc52f41abf3c768adf92 
03-10-2023_08:37:46 DELETE /api/books/651c4c335a5efd67f3d999f0 
03-10-2023_08:41:19 DELETE /api/books/651c4c335a5efd67f3d999f0 
03-10-2023_08:41:19 DELETE /api/books/651c4c335a5efd67f3d999f0 
03-10-2023_08:41:20 DELETE /api/books/651c4c335a5efd67f3d999f0 
03-10-2023_08:41:20 DELETE /api/books/651c4c335a5efd67f3d999f0 
03-10-2023_08:41:20 DELETE /api/books/651c4c335a5efd67f3d999f0 
03-10-2023_08:41:20 DELETE /api/books/651c4c335a5efd67f3d999f0 
03-10-2023_08:41:21 DELETE /api/books/651c4c335a5efd67f3d999f0 
03-10-2023_08:41:22 DELETE /api/books/651c4c335a5efd67f3d999f0 
03-10-2023_08:41:22 DELETE /api/books/651c4c335a5efd67f3d999f0 
03-10-2023_08:41:23 DELETE /api/books/651c4c335a5efd67f3d999f0 
03-10-2023_08:41:24 DELETE /api/books/651c4c335a5efd67f3d999f0 
03-10-2023_08:41:25 DELETE /api/books/651c4c335a5efd67f3d999f0 
03-10-2023_08:41:25 DELETE /api/books/651c4c335a5efd67f3d999f0 
03-10-2023_08:41:26 DELETE /api/books/651c4c335a5efd67f3d999f0 
03-10-2023_08:41:27 DELETE /api/books/651c4c335a5efd67f3d999f0 
03-10-2023_08:41:28 DELETE /api/books/651c4c335a5efd67f3d999f0 
03-10-2023_08:41:28 DELETE /api/books/651c4c335a5efd67f3d999f0 
03-10-2023_08:41:29 DELETE /api/books/651c4c335a5efd67f3d999f0 
03-10-2023_08:41:30 DELETE /api/books/651c4c335a5efd67f3d999f0 
03-10-2023_08:41:30 DELETE /api/books/651c4c335a5efd67f3d999f0 
03-10-2023_08:41:31 DELETE /api/books/651c4c335a5efd67f3d999f0 
03-10-2023_08:41:32 DELETE /api/books/651c4c335a5efd67f3d999f0 
03-10-2023_08:41:33 DELETE /api/books/651c4c335a5efd67f3d999f0 
03-10-2023_08:41:33 DELETE /api/books/651c4c335a5efd67f3d999f0 
03-10-2023_08:41:34 DELETE /api/books/651c4c335a5efd67f3d999f0 
03-10-2023_08:41:35 DELETE /api/books/651c4c335a5efd67f3d999f0 
03-10-2023_08:41:36 DELETE /api/books/651c4c335a5efd67f3d999f0 
03-10-2023_08:41:37 DELETE /api/books/651c4c335a5efd67f3d999f0 
03-10-2023_08:41:38 DELETE /api/books/651c4c335a5efd67f3d999f0 
03-10-2023_08:41:38 DELETE /api/books/651c4c335a5efd67f3d999f0 
03-10-2023_08:41:39 DELETE /api/books/651c4c335a5efd67f3d999f0 
03-10-2023_08:41:40 DELETE /api/books/651c4c335a5efd67f3d999f0 
03-10-2023_08:41:40 DELETE /api/books/651c4c335a5efd67f3d999f0 
03-10-2023_08:41:41 DELETE /api/books/651c4c335a5efd67f3d999f0 
03-10-2023_08:41:41 DELETE /api/books/651c4c335a5efd67f3d999f0 
03-10-2023_08:41:42 DELETE /api/books/651c4c335a5efd67f3d999f0 
03-10-2023_08:41:42 DELETE /api/books/651c4c335a5efd67f3d999f0 
03-10-2023_08:41:44 DELETE /api/books/651c4c335a5efd67f3d999f0 
03-10-2023_08:41:45 DELETE /api/books/651c4c335a5efd67f3d999f0 
03-10-2023_08:42:13 POST /api/books 
03-10-2023_08:42:55 POST /api/books 
03-10-2023_08:43:16 DELETE /api/books/651c529f5ecb4fbdc8821f07 
03-10-2023_08:46:13 DELETE /api/books/651c529f5ecb4fbdc8821f07 
03-10-2023_08:46:21 POST /api/books 
03-10-2023_08:46:30 POST /api/books 
03-10-2023_08:46:50 DELETE /api/books/651c536d4cf0c7f727170279 